a	3.456880733944954
b	4.442286348501665
c	5.859250153657038
d	5.437354085603113
e	6.365539452495974
f	4.831795599716111
g	5.259708737864078
h	3.5636942675159236
i	2.6102514506769827
j	4.655405405405405
k	4.6995708154506435
l	5.027225130890052
m	4.637096774193548
n	3.8958333333333335
o	2.8309794988610477
p	6.211784799316823
q	6.068965517241379
r	6.01487414187643
s	4.72719836400818
t	3.508063175394846
u	4.064965197215777
v	4.584615384615384
w	4.148306734137797
x	2.5714285714285716
y	3.4153094462540716
z	4.037037037037037
